/Users/ffmaer/.gem/ruby/1.9.1/gems/railties-3.0.7/lib/rails/commands/runner.rb:50:in `eval': SQLite3::SQLException: no such table: users: SELECT "users".* FROM "users" (ActiveRecord::StatementInvalid)
	from /Users/ffmaer/.gem/ruby/1.9.1/gems/activerecord-3.0.7/lib/active_record/connection_adapters/abstract_adapter.rb:199:in `log'
	from /Users/ffmaer/.gem/ruby/1.9.1/gems/activerecord-3.0.7/lib/active_record/connection_adapters/sqlite_adapter.rb:135:in `execute'
	from /Users/ffmaer/.gem/ruby/1.9.1/gems/activerecord-3.0.7/lib/active_record/connection_adapters/sqlite_adapter.rb:284:in `select'
	from /Users/ffmaer/.gem/ruby/1.9.1/gems/activerecord-3.0.7/lib/active_record/connection_adapters/abstract/database_statements.rb:7:in `select_all'
	from /Users/ffmaer/.gem/ruby/1.9.1/gems/activerecord-3.0.7/lib/active_record/connection_adapters/abstract/query_cache.rb:56:in `select_all'
	from /Users/ffmaer/.gem/ruby/1.9.1/gems/activerecord-3.0.7/lib/active_record/base.rb:468:in `find_by_sql'
	from /Users/ffmaer/.gem/ruby/1.9.1/gems/activerecord-3.0.7/lib/active_record/relation.rb:64:in `to_a'
	from /Users/ffmaer/.gem/ruby/1.9.1/gems/activerecord-3.0.7/lib/active_record/relation/finder_methods.rb:143:in `all'
	from /Users/ffmaer/.gem/ruby/1.9.1/gems/activerecord-3.0.7/lib/active_record/base.rb:439:in `all'
	from /Users/ffmaer/RubymineProjects/wikifund/app/models/user.rb:11:in `clean_up_balance'
	from (eval):1:in `<top (required)>'
	from /Users/ffmaer/.gem/ruby/1.9.1/gems/railties-3.0.7/lib/rails/commands/runner.rb:50:in `eval'
	from /Users/ffmaer/.gem/ruby/1.9.1/gems/railties-3.0.7/lib/rails/commands/runner.rb:50:in `<top (required)>'
	from /Users/ffmaer/.gem/ruby/1.9.1/gems/railties-3.0.7/lib/rails/commands.rb:39:in `require'
	from /Users/ffmaer/.gem/ruby/1.9.1/gems/railties-3.0.7/lib/rails/commands.rb:39:in `<top (required)>'
	from script/rails:6:in `require'
	from script/rails:6:in `<main>'
/Users/ffmaer/.gem/ruby/1.9.1/gems/railties-3.0.7/lib/rails/commands/runner.rb:50:in `eval': SQLite3::SQLException: no such table: users: SELECT "users".* FROM "users" (ActiveRecord::StatementInvalid)
	from /Users/ffmaer/.gem/ruby/1.9.1/gems/activerecord-3.0.7/lib/active_record/connection_adapters/abstract_adapter.rb:199:in `log'
	from /Users/ffmaer/.gem/ruby/1.9.1/gems/activerecord-3.0.7/lib/active_record/connection_adapters/sqlite_adapter.rb:135:in `execute'
	from /Users/ffmaer/.gem/ruby/1.9.1/gems/activerecord-3.0.7/lib/active_record/connection_adapters/sqlite_adapter.rb:284:in `select'
	from /Users/ffmaer/.gem/ruby/1.9.1/gems/activerecord-3.0.7/lib/active_record/connection_adapters/abstract/database_statements.rb:7:in `select_all'
	from /Users/ffmaer/.gem/ruby/1.9.1/gems/activerecord-3.0.7/lib/active_record/connection_adapters/abstract/query_cache.rb:56:in `select_all'
	from /Users/ffmaer/.gem/ruby/1.9.1/gems/activerecord-3.0.7/lib/active_record/base.rb:468:in `find_by_sql'
	from /Users/ffmaer/.gem/ruby/1.9.1/gems/activerecord-3.0.7/lib/active_record/relation.rb:64:in `to_a'
	from /Users/ffmaer/.gem/ruby/1.9.1/gems/activerecord-3.0.7/lib/active_record/relation/finder_methods.rb:143:in `all'
	from /Users/ffmaer/.gem/ruby/1.9.1/gems/activerecord-3.0.7/lib/active_record/base.rb:439:in `all'
	from /Users/ffmaer/RubymineProjects/wikifund/app/models/user.rb:11:in `clean_up_balance'
	from (eval):1:in `<top (required)>'
	from /Users/ffmaer/.gem/ruby/1.9.1/gems/railties-3.0.7/lib/rails/commands/runner.rb:50:in `eval'
	from /Users/ffmaer/.gem/ruby/1.9.1/gems/railties-3.0.7/lib/rails/commands/runner.rb:50:in `<top (required)>'
	from /Users/ffmaer/.gem/ruby/1.9.1/gems/railties-3.0.7/lib/rails/commands.rb:39:in `require'
	from /Users/ffmaer/.gem/ruby/1.9.1/gems/railties-3.0.7/lib/rails/commands.rb:39:in `<top (required)>'
	from script/rails:6:in `require'
	from script/rails:6:in `<main>'
